<?xml version="1.0" encoding="UTF-8"?>
<!-- Generated by org.testng.reporters.JUnitReportReporter -->
<testsuite skipped="0" hostname="ip-172-31-28-216" name="restAPIXML.XMLTest" tests="2" failures="0" timestamp="07 Jul 2022 11:40:31 GMT" time="2.833" errors="0">
  <testcase name="GetReq1" time="1.056" classname="restAPIXML.XMLTest"/>
  <testcase name="GetReq" time="1.777" classname="restAPIXML.XMLTest"/>
</testsuite> <!-- restAPIXML.XMLTest -->
